<?xml version="1.0" encoding="UTF-8"?>
<testsuite name="cs3500.pa03.GameViewerTest" tests="4" skipped="0" failures="0" errors="0" timestamp="2023-09-10T20:20:34" hostname="MacBook-Air.local" time="0.015">
  <properties/>
  <testcase name="testExceptions()" classname="cs3500.pa03.GameViewerTest" time="0.001"/>
  <testcase name="testPromptInputFor()" classname="cs3500.pa03.GameViewerTest" time="0.007"/>
  <testcase name="testScold()" classname="cs3500.pa03.GameViewerTest" time="0.001"/>
  <testcase name="testDisplay()" classname="cs3500.pa03.GameViewerTest" time="0.002"/>
  <system-out><![CDATA[]]></system-out>
  <system-err><![CDATA[]]></system-err>
</testsuite>
