<?xml version="1.0" encoding="UTF-8"?>
<testsuite name="cs3500.pa03.PlayerImplTest" tests="5" skipped="0" failures="0" errors="0" timestamp="2023-09-10T20:20:35" hostname="MacBook-Air.local" time="0.111">
  <properties/>
  <testcase name="testTakeShots()" classname="cs3500.pa03.PlayerImplTest" time="0.034"/>
  <testcase name="testBoard()" classname="cs3500.pa03.PlayerImplTest" time="0.018"/>
  <testcase name="testName()" classname="cs3500.pa03.PlayerImplTest" time="0.016"/>
  <testcase name="testSuccessfulHits()" classname="cs3500.pa03.PlayerImplTest" time="0.019"/>
  <testcase name="testReportDamage()" classname="cs3500.pa03.PlayerImplTest" time="0.017"/>
  <system-out><![CDATA[]]></system-out>
  <system-err><![CDATA[]]></system-err>
</testsuite>
