<?xml version="1.0" encoding="UTF-8"?>
<testsuite name="cs3500.pa03.CoordTest" tests="4" skipped="0" failures="0" errors="0" timestamp="2023-09-10T20:20:34" hostname="MacBook-Air.local" time="0.016">
  <properties/>
  <testcase name="testPosnX()" classname="cs3500.pa03.CoordTest" time="0.002"/>
  <testcase name="testPosnY()" classname="cs3500.pa03.CoordTest" time="0.002"/>
  <testcase name="testToString()" classname="cs3500.pa03.CoordTest" time="0.001"/>
  <testcase name="testEquals()" classname="cs3500.pa03.CoordTest" time="0.001"/>
  <system-out><![CDATA[]]></system-out>
  <system-err><![CDATA[]]></system-err>
</testsuite>
