<?xml version="1.0" encoding="UTF-8"?>
<testsuite name="cs3500.pa03.ShipTypeTest" tests="2" skipped="0" failures="0" errors="0" timestamp="2023-09-10T20:20:35" hostname="MacBook-Air.local" time="0.005">
  <properties/>
  <testcase name="testAbbreviate()" classname="cs3500.pa03.ShipTypeTest" time="0.002"/>
  <testcase name="testLength()" classname="cs3500.pa03.ShipTypeTest" time="0.001"/>
  <system-out><![CDATA[]]></system-out>
  <system-err><![CDATA[]]></system-err>
</testsuite>
