<?xml version="1.0" encoding="UTF-8"?>
<testsuite name="cs3500.pa03.BattleCellTest" tests="7" skipped="0" failures="0" errors="0" timestamp="2023-09-10T20:20:34" hostname="MacBook-Air.local" time="0.057">
  <properties/>
  <testcase name="testHit()" classname="cs3500.pa03.BattleCellTest" time="0.022"/>
  <testcase name="testAddIfAlive()" classname="cs3500.pa03.BattleCellTest" time="0.0"/>
  <testcase name="testHandleCounting()" classname="cs3500.pa03.BattleCellTest" time="0.003"/>
  <testcase name="testDontAddSunk()" classname="cs3500.pa03.BattleCellTest" time="0.002"/>
  <testcase name="testGetShip()" classname="cs3500.pa03.BattleCellTest" time="0.001"/>
  <testcase name="testOpponentToString()" classname="cs3500.pa03.BattleCellTest" time="0.005"/>
  <testcase name="testPlayerToString()" classname="cs3500.pa03.BattleCellTest" time="0.001"/>
  <system-out><![CDATA[]]></system-out>
  <system-err><![CDATA[]]></system-err>
</testsuite>
