<?xml version="1.0" encoding="UTF-8"?>
<testsuite name="cs3500.pa03.DriverTest" tests="2" skipped="0" failures="0" errors="0" timestamp="2023-09-10T20:20:32" hostname="MacBook-Air.local" time="0.42">
  <properties/>
  <testcase name="testInvalidArgs()" classname="cs3500.pa03.DriverTest" time="0.267"/>
  <testcase name="testClassicGame()" classname="cs3500.pa03.DriverTest" time="0.144"/>
  <system-out><![CDATA[]]></system-out>
  <system-err><![CDATA[]]></system-err>
</testsuite>
