<?xml version="1.0" encoding="UTF-8"?>
<testsuite name="cs3500.pa03.BattleshipGameTest" tests="1" skipped="0" failures="0" errors="0" timestamp="2023-09-10T20:20:34" hostname="MacBook-Air.local" time="0.054">
  <properties/>
  <testcase name="testGame()" classname="cs3500.pa03.BattleshipGameTest" time="0.054"/>
  <system-out><![CDATA[]]></system-out>
  <system-err><![CDATA[]]></system-err>
</testsuite>
