<?xml version="1.0" encoding="UTF-8"?>
<testsuite name="cs3500.pa03.MockRandomFourTest" tests="2" skipped="0" failures="0" errors="0" timestamp="2023-09-10T20:20:34" hostname="MacBook-Air.local" time="0.005">
  <properties/>
  <testcase name="testNextIntBound()" classname="cs3500.pa03.MockRandomFourTest" time="0.0"/>
  <testcase name="testNextInt()" classname="cs3500.pa03.MockRandomFourTest" time="0.003"/>
  <system-out><![CDATA[]]></system-out>
  <system-err><![CDATA[]]></system-err>
</testsuite>
