<?xml version="1.0" encoding="UTF-8"?>
<testsuite name="cs3500.pa03.OpponentImplTest" tests="4" skipped="0" failures="0" errors="0" timestamp="2023-09-10T20:20:35" hostname="MacBook-Air.local" time="0.103">
  <properties/>
  <testcase name="testTakeShots()" classname="cs3500.pa03.OpponentImplTest" time="0.026"/>
  <testcase name="testSetup()" classname="cs3500.pa03.OpponentImplTest" time="0.032"/>
  <testcase name="testName()" classname="cs3500.pa03.OpponentImplTest" time="0.018"/>
  <testcase name="testReportDamage()" classname="cs3500.pa03.OpponentImplTest" time="0.019"/>
  <system-out><![CDATA[]]></system-out>
  <system-err><![CDATA[]]></system-err>
</testsuite>
